This file contains any messages produced by compilers while
running configure, to aid debugging if configure makes a mistake.

It was created by configure, which was
generated by GNU Autoconf 2.69.  Invocation command line was

  $ ./configure --with-imagick=/opt/local

## --------- ##
## Platform. ##
## --------- ##

hostname = Thanhs-MacBook-Pro.local
uname -m = x86_64
uname -r = 14.1.0
uname -s = Darwin
uname -v = Darwin Kernel Version 14.1.0: Mon Dec 22 23:10:38 PST 2014; root:xnu-2782.10.72~2/RELEASE_X86_64

/usr/bin/uname -p = i386
/bin/uname -X     = unknown

/bin/arch              = unknown
/usr/bin/arch -k       = unknown
/usr/convex/getsysinfo = unknown
/usr/bin/hostinfo      = Mach kernel version:
	 Darwin Kernel Version 14.1.0: Mon Dec 22 23:10:38 PST 2014; root:xnu-2782.10.72~2/RELEASE_X86_64
Kernel configured for up to 4 processors.
2 processors are physically available.
4 processors are logically available.
Processor type: x86_64h (Intel x86-64h Haswell)
Processors active: 0 1 2 3
Primary memory available: 8.00 gigabytes
Default processor set: 234 tasks, 1114 threads, 4 processors
Load average: 2.38, Mach factor: 1.89
/bin/machine           = unknown
/usr/bin/oslevel       = unknown
/bin/universe          = unknown

PATH: /usr/local/mysql/bin
PATH: /usr/bin
PATH: /bin
PATH: /usr/sbin
PATH: /sbin
PATH: /usr/local/bin
PATH: /usr/X11/bin


## ----------- ##
## Core tests. ##
## ----------- ##

configure:2297: checking for grep that handles long lines and -e
configure:2355: result: /usr/bin/grep
configure:2360: checking for egrep
configure:2422: result: /usr/bin/grep -E
configure:2427: checking for a sed that does not truncate output
configure:2481: result: /usr/bin/sed
configure:2613: checking for cc
configure:2629: found /usr/bin/cc
configure:2640: result: cc
configure:2671: checking for C compiler version
configure:2680: cc --version >&5
Apple LLVM version 6.0 (clang-600.0.56) (based on LLVM 3.5svn)
Target: x86_64-apple-darwin14.1.0
Thread model: posix
configure:2691: $? = 0
configure:2680: cc -v >&5
Apple LLVM version 6.0 (clang-600.0.56) (based on LLVM 3.5svn)
Target: x86_64-apple-darwin14.1.0
Thread model: posix
configure:2691: $? = 0
configure:2680: cc -V >&5
clang: error: argument to '-V' is missing (expected 1 value)
clang: error: no input files
configure:2691: $? = 1
configure:2680: cc -qversion >&5
clang: error: unknown argument: '-qversion'
clang: error: no input files
configure:2691: $? = 1
configure:2711: checking whether the C compiler works
configure:2733: cc    conftest.c  >&5
configure:2737: $? = 0
configure:2785: result: yes
configure:2788: checking for C compiler default output file name
configure:2790: result: a.out
configure:2796: checking for suffix of executables
configure:2803: cc -o conftest    conftest.c  >&5
configure:2807: $? = 0
configure:2829: result: 
configure:2851: checking whether we are cross compiling
configure:2859: cc -o conftest    conftest.c  >&5
configure:2863: $? = 0
configure:2870: ./conftest
configure:2874: $? = 0
configure:2889: result: no
configure:2894: checking for suffix of object files
configure:2916: cc -c   conftest.c >&5
configure:2920: $? = 0
configure:2941: result: o
configure:2945: checking whether we are using the GNU C compiler
configure:2964: cc -c   conftest.c >&5
configure:2964: $? = 0
configure:2973: result: yes
configure:2982: checking whether cc accepts -g
configure:3002: cc -c -g  conftest.c >&5
configure:3002: $? = 0
configure:3043: result: yes
configure:3060: checking for cc option to accept ISO C89
configure:3123: cc  -c -g -O2  conftest.c >&5
configure:3123: $? = 0
configure:3136: result: none needed
configure:3162: checking how to run the C preprocessor
configure:3193: cc -E  conftest.c
configure:3193: $? = 0
configure:3207: cc -E  conftest.c
conftest.c:9:10: fatal error: 'ac_nonexistent.h' file not found
#include <ac_nonexistent.h>
         ^
1 error generated.
configure:3207: $? = 1
configure: failed program was:
| /* confdefs.h */
| #define PACKAGE_NAME ""
| #define PACKAGE_TARNAME ""
| #define PACKAGE_VERSION ""
| #define PACKAGE_STRING ""
| #define PACKAGE_BUGREPORT ""
| #define PACKAGE_URL ""
| /* end confdefs.h.  */
| #include <ac_nonexistent.h>
configure:3232: result: cc -E
configure:3252: cc -E  conftest.c
configure:3252: $? = 0
configure:3266: cc -E  conftest.c
conftest.c:9:10: fatal error: 'ac_nonexistent.h' file not found
#include <ac_nonexistent.h>
         ^
1 error generated.
configure:3266: $? = 1
configure: failed program was:
| /* confdefs.h */
| #define PACKAGE_NAME ""
| #define PACKAGE_TARNAME ""
| #define PACKAGE_VERSION ""
| #define PACKAGE_STRING ""
| #define PACKAGE_BUGREPORT ""
| #define PACKAGE_URL ""
| /* end confdefs.h.  */
| #include <ac_nonexistent.h>
configure:3297: checking for icc
configure:3306: result: no
configure:3320: checking for suncc
configure:3329: result: no
configure:3347: checking whether cc understands -c and -o together
configure:3375: cc -c conftest.c -o conftest2.o >&5
configure:3379: $? = 0
configure:3385: cc -c conftest.c -o conftest2.o >&5
configure:3389: $? = 0
configure:3444: result: yes
configure:3458: checking for system library directory
configure:3473: result: lib
configure:3480: checking if compiler supports -R
configure:3499: cc -o conftest -g -O2   conftest.c -R /usr/lib  >&5
clang: warning: argument unused during compilation: '-R'
ld: can't map file, errno=22 file '/usr/lib' for architecture x86_64
clang: error: linker command failed with exit code 1 (use -v to see invocation)
configure:3499: $? = 1
configure: failed program was:
| /* confdefs.h */
| #define PACKAGE_NAME ""
| #define PACKAGE_TARNAME ""
| #define PACKAGE_VERSION ""
| #define PACKAGE_STRING ""
| #define PACKAGE_BUGREPORT ""
| #define PACKAGE_URL ""
| /* end confdefs.h.  */
| 
| int
| main ()
| {
| 
|   ;
|   return 0;
| }
configure:3509: result: no
configure:3514: checking if compiler supports -Wl,-rpath,
configure:3533: cc -o conftest -g -O2   conftest.c -Wl,-rpath,/usr/lib  >&5
configure:3533: $? = 0
configure:3543: result: yes
configure:3588: checking build system type
configure:3602: result: x86_64-apple-darwin14.1.0
configure:3622: checking host system type
configure:3635: result: x86_64-apple-darwin14.1.0
configure:3655: checking target system type
configure:3668: result: x86_64-apple-darwin14.1.0
configure:3771: checking for PHP prefix
configure:3773: result: /usr
configure:3775: checking for PHP includes
configure:3777: result: -I/usr/include/php -I/usr/include/php/main -I/usr/include/php/TSRM -I/usr/include/php/Zend -I/usr/include/php/ext -I/usr/include/php/ext/date/lib
configure:3779: checking for PHP extension directory
configure:3781: result: /usr/lib/php/extensions/no-debug-non-zts-20121212
configure:3783: checking for PHP installed headers prefix
configure:3785: result: /usr/include/php
configure:3788: checking if debug is enabled
configure:3814: result: no
configure:3817: checking if zts is enabled
configure:3843: result: no
configure:3914: checking for re2c
configure:3944: result: no
configure:3969: WARNING: You will need re2c 0.13.4 or later if you want to regenerate PHP parsers.
configure:3983: checking for gawk
configure:4014: result: no
configure:3983: checking for nawk
configure:4014: result: no
configure:3983: checking for awk
configure:4000: found /usr/bin/awk
configure:4011: result: awk
configure:4034: checking if awk is broken
configure:4041: result: no
configure:4054: checking whether to enable the imagick extension
configure:4094: result: yes, shared
configure:4103: checking whether to make Imagick respect PHP memory limits
configure:4117: result: no
configure:4160: checking for pkg-config
configure:4178: found /usr/local/bin/pkg-config
configure:4191: result: /usr/local/bin/pkg-config
configure:4209: checking ImageMagick MagickWand API configuration program
configure:4247: result: found in /usr/local/bin/MagickWand-config
configure:4260: checking if ImageMagick version is at least 6.2.4
configure:4263: result: found version 6.9.0 Q16 
configure:4275: checking for MagickWand.h or magick-wand.h header
configure:4301: result: /usr/local/Cellar/imagemagick/6.9.0-10/include/ImageMagick-6/wand/MagickWand.h
configure:4350: checking whether to use Zend MM
configure:4359: result: no
configure:4366: checking PHP version is at least 5.1.3
configure:4384: result: yes. found 5.5.14
configure:4937: checking for ld used by cc
configure:5004: result: /Applications/Xcode.app/Contents/Developer/Toolchains/XcodeDefault.xctoolchain/usr/bin/ld
configure:5011: checking if the linker (/Applications/Xcode.app/Contents/Developer/Toolchains/XcodeDefault.xctoolchain/usr/bin/ld) is GNU ld
configure:5026: result: no
configure:5031: checking for /Applications/Xcode.app/Contents/Developer/Toolchains/XcodeDefault.xctoolchain/usr/bin/ld option to reload object files
configure:5038: result: -r
configure:5056: checking for BSD-compatible nm
configure:5105: result: /usr/bin/nm
configure:5109: checking whether ln -s works
configure:5113: result: yes
configure:5120: checking how to recognize dependent libraries
configure:5306: result: pass_all
configure:5518: checking for ANSI C header files
configure:5538: cc -c -g -O2  conftest.c >&5
configure:5538: $? = 0
configure:5611: cc -o conftest -g -O2   conftest.c  >&5
configure:5611: $? = 0
configure:5611: ./conftest
configure:5611: $? = 0
configure:5622: result: yes
configure:5635: checking for sys/types.h
configure:5635: cc -c -g -O2  conftest.c >&5
configure:5635: $? = 0
configure:5635: result: yes
configure:5635: checking for sys/stat.h
configure:5635: cc -c -g -O2  conftest.c >&5
configure:5635: $? = 0
configure:5635: result: yes
configure:5635: checking for stdlib.h
configure:5635: cc -c -g -O2  conftest.c >&5
configure:5635: $? = 0
configure:5635: result: yes
configure:5635: checking for string.h
configure:5635: cc -c -g -O2  conftest.c >&5
configure:5635: $? = 0
configure:5635: result: yes
configure:5635: checking for memory.h
configure:5635: cc -c -g -O2  conftest.c >&5
configure:5635: $? = 0
configure:5635: result: yes
configure:5635: checking for strings.h
configure:5635: cc -c -g -O2  conftest.c >&5
configure:5635: $? = 0
configure:5635: result: yes
configure:5635: checking for inttypes.h
configure:5635: cc -c -g -O2  conftest.c >&5
configure:5635: $? = 0
configure:5635: result: yes
configure:5635: checking for stdint.h
configure:5635: cc -c -g -O2  conftest.c >&5
configure:5635: $? = 0
configure:5635: result: yes
configure:5635: checking for unistd.h
configure:5635: cc -c -g -O2  conftest.c >&5
configure:5635: $? = 0
configure:5635: result: yes
configure:5649: checking dlfcn.h usability
configure:5649: cc -c -g -O2  conftest.c >&5
configure:5649: $? = 0
configure:5649: result: yes
configure:5649: checking dlfcn.h presence
configure:5649: cc -E  conftest.c
configure:5649: $? = 0
configure:5649: result: yes
configure:5649: checking for dlfcn.h
configure:5649: result: yes
configure:5671: checking the maximum length of command line arguments
configure:5783: result: 196608
configure:5795: checking command to parse /usr/bin/nm output from cc object
configure:5900: cc -c -g -O2  conftest.c >&5
configure:5903: $? = 0
configure:5907: /usr/bin/nm conftest.o \| sed -n -e 's/^.*[ 	]\([BCDEGRST][BCDEGRST]*\)[ 	][ 	]*\([_A-Za-z][_A-Za-z0-9]*\)$/\1 \2 \2/p' \> conftest.nm
configure:5910: $? = 0
cannot find nm_test_var in conftest.nm
configure:5900: cc -c -g -O2  conftest.c >&5
configure:5903: $? = 0
configure:5907: /usr/bin/nm conftest.o \| sed -n -e 's/^.*[ 	]\([BCDEGRST][BCDEGRST]*\)[ 	][ 	]*_\([_A-Za-z][_A-Za-z0-9]*\)$/\1 _\2 \2/p' \> conftest.nm
configure:5910: $? = 0
configure:5962: cc -o conftest -g -O2   conftest.c conftstm.o >&5
configure:5965: $? = 0
configure:6003: result: ok
configure:6007: checking for objdir
configure:6022: result: .libs
configure:6114: checking for ar
configure:6130: found /usr/bin/ar
configure:6141: result: ar
configure:6206: checking for ranlib
configure:6222: found /usr/bin/ranlib
configure:6233: result: ranlib
configure:6298: checking for strip
configure:6314: found /usr/bin/strip
configure:6325: result: strip
configure:6578: checking for dsymutil
configure:6594: found /usr/bin/dsymutil
configure:6605: result: dsymutil
configure:6670: checking for nmedit
configure:6686: found /usr/bin/nmedit
configure:6697: result: nmedit
configure:6720: checking for -single_module linker flag
configure:6741: result: yes
configure:6743: checking for -exported_symbols_list linker flag
configure:6759: cc -o conftest -g -O2   -Wl,-exported_symbols_list,conftest.sym conftest.c  >&5
configure:6762: $? = 0
configure:6776: result: yes
configure:6894: checking if cc supports -fno-rtti -fno-exceptions
configure:6912: cc -c -g -O2  -fno-rtti -fno-exceptions conftest.c >&5
configure:6916: $? = 0
configure:6929: result: yes
configure:6944: checking for cc option to produce PIC
configure:7184: result: -fno-common
configure:7192: checking if cc PIC flag -fno-common works
configure:7210: cc -c -g -O2  -fno-common -DPIC conftest.c >&5
configure:7214: $? = 0
configure:7227: result: yes
configure:7255: checking if cc static flag -static works
configure:7283: result: no
configure:7293: checking if cc supports -c -o file.o
configure:7314: cc -c -g -O2  -o out/conftest2.o conftest.c >&5
configure:7318: $? = 0
configure:7340: result: yes
configure:7366: checking whether the cc linker (/Applications/Xcode.app/Contents/Developer/Toolchains/XcodeDefault.xctoolchain/usr/bin/ld) supports shared libraries
configure:8298: result: yes
configure:8365: checking dynamic linker characteristics
configure:8967: result: darwin14.1.0 dyld
configure:8991: checking how to hardcode library paths into programs
configure:9016: result: immediate
configure:9030: checking whether stripping libraries is possible
configure:9044: result: yes
configure:9552: checking if libtool supports shared libraries
configure:9554: result: yes
configure:9557: checking whether to build shared libraries
configure:9578: result: yes
configure:9581: checking whether to build static libraries
configure:9585: result: no
configure:9680: result:
creating libtool
configure:13383: creating ./config.status

## ---------------------- ##
## Running config.status. ##
## ---------------------- ##

This file was extended by config.status, which was
generated by GNU Autoconf 2.69.  Invocation command line was

  CONFIG_FILES    = 
  CONFIG_HEADERS  = 
  CONFIG_LINKS    = 
  CONFIG_COMMANDS = 
  $ ./config.status 

on Thanhs-MacBook-Pro.local

config.status:678: creating config.h
config.status:768: config.h is unchanged

## ---------------- ##
## Cache variables. ##
## ---------------- ##

ac_cv_build=x86_64-apple-darwin14.1.0
ac_cv_c_compiler_gnu=yes
ac_cv_env_CC_set=
ac_cv_env_CC_value=
ac_cv_env_CFLAGS_set=
ac_cv_env_CFLAGS_value=
ac_cv_env_CPPFLAGS_set=
ac_cv_env_CPPFLAGS_value=
ac_cv_env_CPP_set=
ac_cv_env_CPP_value=
ac_cv_env_LDFLAGS_set=
ac_cv_env_LDFLAGS_value=
ac_cv_env_LIBS_set=
ac_cv_env_LIBS_value=
ac_cv_env_build_alias_set=
ac_cv_env_build_alias_value=
ac_cv_env_host_alias_set=
ac_cv_env_host_alias_value=
ac_cv_env_target_alias_set=
ac_cv_env_target_alias_value=
ac_cv_header_dlfcn_h=yes
ac_cv_header_inttypes_h=yes
ac_cv_header_memory_h=yes
ac_cv_header_stdc=yes
ac_cv_header_stdint_h=yes
ac_cv_header_stdlib_h=yes
ac_cv_header_string_h=yes
ac_cv_header_strings_h=yes
ac_cv_header_sys_stat_h=yes
ac_cv_header_sys_types_h=yes
ac_cv_header_unistd_h=yes
ac_cv_host=x86_64-apple-darwin14.1.0
ac_cv_objext=o
ac_cv_path_EGREP='/usr/bin/grep -E'
ac_cv_path_GREP=/usr/bin/grep
ac_cv_path_PKG_CONFIG=/usr/local/bin/pkg-config
ac_cv_prog_AWK=awk
ac_cv_prog_CPP='cc -E'
ac_cv_prog_ac_ct_AR=ar
ac_cv_prog_ac_ct_CC=cc
ac_cv_prog_ac_ct_DSYMUTIL=dsymutil
ac_cv_prog_ac_ct_NMEDIT=nmedit
ac_cv_prog_ac_ct_RANLIB=ranlib
ac_cv_prog_ac_ct_STRIP=strip
ac_cv_prog_cc_c89=
ac_cv_prog_cc_cc_c_o=yes
ac_cv_prog_cc_g=yes
ac_cv_target=x86_64-apple-darwin14.1.0
lt_cv_apple_cc_single_mod=yes
lt_cv_deplibs_check_method=pass_all
lt_cv_file_magic_cmd='$MAGIC_CMD'
lt_cv_file_magic_test_file=
lt_cv_ld_exported_symbols_list=yes
lt_cv_ld_reload_flag=-r
lt_cv_objdir=.libs
lt_cv_path_LD=/Applications/Xcode.app/Contents/Developer/Toolchains/XcodeDefault.xctoolchain/usr/bin/ld
lt_cv_path_NM=/usr/bin/nm
lt_cv_path_SED=/usr/bin/sed
lt_cv_prog_compiler_c_o=yes
lt_cv_prog_compiler_pic_works=yes
lt_cv_prog_compiler_rtti_exceptions=yes
lt_cv_prog_compiler_static_works=no
lt_cv_prog_gnu_ld=no
lt_cv_sys_global_symbol_pipe='sed -n -e '\''s/^.*[ 	]\([BCDEGRST][BCDEGRST]*\)[ 	][ 	]*_\([_A-Za-z][_A-Za-z0-9]*\)$/\1 _\2 \2/p'\'''
lt_cv_sys_global_symbol_to_c_name_address='sed -n -e '\''s/^: \([^ ]*\) $/  {\"\1\", (lt_ptr) 0},/p'\'' -e '\''s/^[BCDEGRST] \([^ ]*\) \([^ ]*\)$/  {"\2", (lt_ptr) \&\2},/p'\'''
lt_cv_sys_global_symbol_to_cdecl='sed -n -e '\''s/^. .* \(.*\)$/extern int \1;/p'\'''
lt_cv_sys_lib_dlsearch_path_spec='/usr/local/lib /lib /usr/lib'
lt_cv_sys_lib_search_path_spec='/Applications/Xcode.app/Contents/Developer/Toolchains/XcodeDefault.xctoolchain/usr/lib/clang/6.0 /usr/local/lib'
lt_cv_sys_max_cmd_len=196608
lt_lt_cv_prog_compiler_c_o='"yes"'
lt_lt_cv_sys_global_symbol_pipe='"sed -n -e '\''s/^.*[ 	]\\([BCDEGRST][BCDEGRST]*\\)[ 	][ 	]*_\\([_A-Za-z][_A-Za-z0-9]*\\)\$/\\1 _\\2 \\2/p'\''"'
lt_lt_cv_sys_global_symbol_to_c_name_address='"sed -n -e '\''s/^: \\([^ ]*\\) \$/  {\\\"\\1\\\", (lt_ptr) 0},/p'\'' -e '\''s/^[BCDEGRST] \\([^ ]*\\) \\([^ ]*\\)\$/  {\"\\2\", (lt_ptr) \\&\\2},/p'\''"'
lt_lt_cv_sys_global_symbol_to_cdecl='"sed -n -e '\''s/^. .* \\(.*\\)\$/extern int \\1;/p'\''"'
php_cv_cc_dashr=no
php_cv_cc_rpath=yes

## ----------------- ##
## Output variables. ##
## ----------------- ##

AR='ar'
AWK='awk'
CC='cc'
CFLAGS='-g -O2'
CONFIGURE_COMMAND=' '\''./configure'\''  '\''--with-imagick=/opt/local'\'''
CONFIGURE_OPTIONS=' '\''--with-imagick=/opt/local'\'''
CPP='cc -E'
CPPFLAGS=' -DHAVE_CONFIG_H'
DEFS='-DHAVE_CONFIG_H'
DSYMUTIL='dsymutil'
ECHO='/bin/echo'
ECHO_C='\c'
ECHO_N=''
ECHO_T=''
EGREP='/usr/bin/grep -E'
EXEEXT=''
GREP='/usr/bin/grep'
LDFLAGS=''
LIBOBJS=''
LIBS=''
LIBTOOL='$(SHELL) $(top_builddir)/libtool'
LN_S='ln -s'
LTLIBOBJS=''
NMEDIT='nmedit'
OBJEXT='o'
PACKAGE_BUGREPORT=''
PACKAGE_NAME=''
PACKAGE_STRING=''
PACKAGE_TARNAME=''
PACKAGE_URL=''
PACKAGE_VERSION=''
PATH_SEPARATOR=':'
PKG_CONFIG='/usr/local/bin/pkg-config'
RANLIB='ranlib'
RE2C='exit 0;'
SED='/usr/bin/sed'
SHELL='/bin/sh'
SHLIB_DL_SUFFIX_NAME='so'
SHLIB_SUFFIX_NAME='dylib'
STRIP='strip'
ac_ct_CC='cc'
bindir='${exec_prefix}/bin'
build='x86_64-apple-darwin14.1.0'
build_alias=''
build_cpu='x86_64'
build_os='darwin14.1.0'
build_vendor='apple'
datadir='${datarootdir}'
datarootdir='${prefix}/share'
docdir='${datarootdir}/doc/${PACKAGE}'
dvidir='${docdir}'
exec_prefix='$(prefix)'
host='x86_64-apple-darwin14.1.0'
host_alias='x86_64-apple-darwin14.1.0'
host_cpu='x86_64'
host_os='darwin14.1.0'
host_vendor='apple'
htmldir='${docdir}'
includedir='${prefix}/include'
infodir='${datarootdir}/info'
libdir='${exec_prefix}/lib'
libexecdir='${exec_prefix}/libexec'
localedir='${datarootdir}/locale'
localstatedir='${prefix}/var'
mandir='${datarootdir}/man'
oldincludedir='/usr/include'
pdfdir='${docdir}'
prefix='/usr'
program_transform_name='s,x,x,'
psdir='${docdir}'
sbindir='${exec_prefix}/sbin'
sharedstatedir='${prefix}/com'
sysconfdir='${prefix}/etc'
target='x86_64-apple-darwin14.1.0'
target_alias=''
target_cpu='x86_64'
target_os='darwin14.1.0'
target_vendor='apple'

## ----------- ##
## confdefs.h. ##
## ----------- ##

/* confdefs.h */
#define PACKAGE_NAME ""
#define PACKAGE_TARNAME ""
#define PACKAGE_VERSION ""
#define PACKAGE_STRING ""
#define PACKAGE_BUGREPORT ""
#define PACKAGE_URL ""
#define IM_MAGICKWAND_HEADER_STYLE_SIX 1
#define HAVE_IMAGICK 1
#define COMPILE_DL_IMAGICK 1
#define STDC_HEADERS 1
#define HAVE_SYS_TYPES_H 1
#define HAVE_SYS_STAT_H 1
#define HAVE_STDLIB_H 1
#define HAVE_STRING_H 1
#define HAVE_MEMORY_H 1
#define HAVE_STRINGS_H 1
#define HAVE_INTTYPES_H 1
#define HAVE_STDINT_H 1
#define HAVE_UNISTD_H 1
#define HAVE_DLFCN_H 1

configure: exit 0
